# JRE version: Java(TM) SE Runtime Environment (17.0.8+9) (build 17.0.8+9-LTS-211)
# Java VM: Java HotSpot(TM) 64-Bit Server VM (17.0.8+9-LTS-211, mixed mode, sharing, tiered, compressed oops, compressed class ptrs, g1 gc, windows-amd64)
GC Precious Log:
 CPUs: 8 total, 8 available
 Memory: 16239M
 Large Page Support: Disabled
 NUMA Support: Disabled
 Compressed Oops: Enabled (Zero based)
 Heap Region Size: 2M
 Heap Min Capacity: 8M
 Heap Initial Capacity: 254M
 Heap Max Capacity: 4060M
 Pre-touch: Disabled
 Parallel Workers: 8
 Concurrent Workers: 2
 Concurrent Refinement Workers: 8
 Periodic GC: Disabled
Heap:
 garbage-first heap   total 90112K, used 47995K [0x0000000702400000, 0x0000000800000000)
  region size 2048K, 8 young (16384K), 1 survivors (2048K)
 Metaspace       used 58956K, committed 59520K, reserved 1114112K
  class space    used 7402K, committed 7680K, reserved 1048576K
GC Heap History (20 events):
Event: 9573.738 GC heap before
{Heap before GC invocations=18 (full 0):
 garbage-first heap   total 90112K, used 72653K [0x0000000702400000, 0x0000000800000000)
  region size 2048K, 20 young (40960K), 2 survivors (4096K)
 Metaspace       used 58663K, committed 59200K, reserved 1114112K
  class space    used 7397K, committed 7680K, reserved 1048576K
}
Event: 9573.760 GC heap after
{Heap after GC invocations=19 (full 0):
 garbage-first heap   total 90112K, used 35817K [0x0000000702400000, 0x0000000800000000)
  region size 2048K, 2 young (4096K), 2 survivors (4096K)
 Metaspace       used 58663K, committed 59200K, reserved 1114112K
  class space    used 7397K, committed 7680K, reserved 1048576K
}
Event: 11167.762 GC heap before
{Heap before GC invocations=19 (full 0):
 garbage-first heap   total 90112K, used 70633K [0x0000000702400000, 0x0000000800000000)
  region size 2048K, 20 young (40960K), 2 survivors (4096K)
 Metaspace       used 58686K, committed 59264K, reserved 1114112K
  class space    used 7399K, committed 7680K, reserved 1048576K
}
Event: 11167.780 GC heap after
{Heap after GC invocations=20 (full 0):
 garbage-first heap   total 90112K, used 35940K [0x0000000702400000, 0x0000000800000000)
  region size 2048K, 2 young (4096K), 2 survivors (4096K)
 Metaspace       used 58686K, committed 59264K, reserved 1114112K
  class space    used 7399K, committed 7680K, reserved 1048576K
}
Event: 12789.468 GC heap before
{Heap before GC invocations=20 (full 0):
 garbage-first heap   total 90112K, used 70756K [0x0000000702400000, 0x0000000800000000)
  region size 2048K, 20 young (40960K), 2 survivors (4096K)
 Metaspace       used 58719K, committed 59264K, reserved 1114112K
  class space    used 7399K, committed 7680K, reserved 1048576K
}
Event: 12789.476 GC heap after
{Heap after GC invocations=21 (full 0):
 garbage-first heap   total 90112K, used 35652K [0x0000000702400000, 0x0000000800000000)
  region size 2048K, 2 young (4096K), 2 survivors (4096K)
 Metaspace       used 58719K, committed 59264K, reserved 1114112K
  class space    used 7399K, committed 7680K, reserved 1048576K
}
Event: 14108.105 GC heap before
{Heap before GC invocations=21 (full 0):
 garbage-first heap   total 90112K, used 72516K [0x0000000702400000, 0x0000000800000000)
  region size 2048K, 20 young (40960K), 2 survivors (4096K)
 Metaspace       used 58750K, committed 59328K, reserved 1114112K
  class space    used 7400K, committed 7680K, reserved 1048576K
}
Event: 14108.122 GC heap after
{Heap after GC invocations=22 (full 0):
 garbage-first heap   total 90112K, used 35942K [0x0000000702400000, 0x0000000800000000)
  region size 2048K, 2 young (4096K), 2 survivors (4096K)
 Metaspace       used 58750K, committed 59328K, reserved 1114112K
  class space    used 7400K, committed 7680K, reserved 1048576K
}
Event: 15409.231 GC heap before
{Heap before GC invocations=22 (full 0):
 garbage-first heap   total 90112K, used 72806K [0x0000000702400000, 0x0000000800000000)
  region size 2048K, 20 young (40960K), 2 survivors (4096K)
 Metaspace       used 58775K, committed 59392K, reserved 1114112K
  class space    used 7400K, committed 7680K, reserved 1048576K
}
Event: 15409.293 GC heap after
{Heap after GC invocations=23 (full 0):
 garbage-first heap   total 90112K, used 35921K [0x0000000702400000, 0x0000000800000000)
  region size 2048K, 2 young (4096K), 2 survivors (4096K)
 Metaspace       used 58775K, committed 59392K, reserved 1114112K
  class space    used 7400K, committed 7680K, reserved 1048576K
}
Event: 16719.253 GC heap before
{Heap before GC invocations=23 (full 0):
 garbage-first heap   total 90112K, used 72785K [0x0000000702400000, 0x0000000800000000)
  region size 2048K, 20 young (40960K), 2 survivors (4096K)
 Metaspace       used 58799K, committed 59392K, reserved 1114112K
  class space    used 7400K, committed 7680K, reserved 1048576K
}
Event: 16719.296 GC heap after
{Heap after GC invocations=24 (full 0):
 garbage-first heap   total 90112K, used 35921K [0x0000000702400000, 0x0000000800000000)
  region size 2048K, 1 young (2048K), 1 survivors (2048K)
 Metaspace       used 58799K, committed 59392K, reserved 1114112K
  class space    used 7400K, committed 7680K, reserved 1048576K
}
Event: 18098.999 GC heap before
{Heap before GC invocations=24 (full 0):
 garbage-first heap   total 90112K, used 72785K [0x0000000702400000, 0x0000000800000000)
  region size 2048K, 20 young (40960K), 1 survivors (2048K)
 Metaspace       used 58837K, committed 59392K, reserved 1114112K
  class space    used 7400K, committed 7680K, reserved 1048576K
}
Event: 18099.013 GC heap after
{Heap after GC invocations=25 (full 0):
 garbage-first heap   total 90112K, used 35809K [0x0000000702400000, 0x0000000800000000)
  region size 2048K, 1 young (2048K), 1 survivors (2048K)
 Metaspace       used 58837K, committed 59392K, reserved 1114112K
  class space    used 7400K, committed 7680K, reserved 1048576K
}
Event: 19461.983 GC heap before
{Heap before GC invocations=25 (full 0):
 garbage-first heap   total 90112K, used 74721K [0x0000000702400000, 0x0000000800000000)
  region size 2048K, 20 young (40960K), 1 survivors (2048K)
 Metaspace       used 58858K, committed 59456K, reserved 1114112K
  class space    used 7400K, committed 7680K, reserved 1048576K
}
Event: 19461.996 GC heap after
{Heap after GC invocations=26 (full 0):
 garbage-first heap   total 90112K, used 35707K [0x0000000702400000, 0x0000000800000000)
  region size 2048K, 1 young (2048K), 1 survivors (2048K)
 Metaspace       used 58858K, committed 59456K, reserved 1114112K
  class space    used 7400K, committed 7680K, reserved 1048576K
}
Event: 23282.702 GC heap before
{Heap before GC invocations=26 (full 0):
 garbage-first heap   total 90112K, used 74619K [0x0000000702400000, 0x0000000800000000)
  region size 2048K, 20 young (40960K), 1 survivors (2048K)
 Metaspace       used 58902K, committed 59456K, reserved 1114112K
  class space    used 7401K, committed 7680K, reserved 1048576K
}
Event: 23282.709 GC heap after
{Heap after GC invocations=27 (full 0):
 garbage-first heap   total 90112K, used 35708K [0x0000000702400000, 0x0000000800000000)
  region size 2048K, 1 young (2048K), 1 survivors (2048K)
 Metaspace       used 58902K, committed 59456K, reserved 1114112K
  class space    used 7401K, committed 7680K, reserved 1048576K
}
Event: 24605.791 GC heap before
{Heap before GC invocations=27 (full 0):
 garbage-first heap   total 90112K, used 74620K [0x0000000702400000, 0x0000000800000000)
  region size 2048K, 20 young (40960K), 1 survivors (2048K)
 Metaspace       used 58918K, committed 59456K, reserved 1114112K
  class space    used 7401K, committed 7680K, reserved 1048576K
}
Event: 24605.797 GC heap after
{Heap after GC invocations=28 (full 0):
 garbage-first heap   total 90112K, used 35707K [0x0000000702400000, 0x0000000800000000)
  region size 2048K, 1 young (2048K), 1 survivors (2048K)
 Metaspace       used 58918K, committed 59456K, reserved 1114112K
  class space    used 7401K, committed 7680K, reserved 1048576K
}

